<?xml version="1.0" encoding="UTF-8"?>
<testsuite name="com.example.smartroomdashboard.data.HomeAssistantTodoRepositoryTest" tests="6" skipped="0" failures="0" errors="0" timestamp="2026-09-24T19:32:46.520Z" hostname="RCHL1NUX" time="0.341">
  <properties/>
  <testcase name="refresh never falls back to the broken REST get_items endpoint" classname="com.example.smartroomdashboard.data.HomeAssistantTodoRepositoryTest" time="0.129"/>
  <testcase name="add remains queued until a later refresh can synchronize" classname="com.example.smartroomdashboard.data.HomeAssistantTodoRepositoryTest" time="0.005"/>
  <testcase name="defaultListTodoItems retries the socket but never calls todo get_items" classname="com.example.smartroomdashboard.data.HomeAssistantTodoRepositoryTest" time="0.165"/>
  <testcase name="update uses the previous summary instead of the local UUID" classname="com.example.smartroomdashboard.data.HomeAssistantTodoRepositoryTest" time="0.006"/>
  <testcase name="add persists locally before remote synchronization" classname="com.example.smartroomdashboard.data.HomeAssistantTodoRepositoryTest" time="0.015"/>
  <testcase name="websocket list command parses items and builds the socket url" classname="com.example.smartroomdashboard.data.HomeAssistantTodoRepositoryTest" time="0.02"/>
  <system-out><![CDATA[]]></system-out>
  <system-err><![CDATA[]]></system-err>
</testsuite>
