<?xml version="1.0" encoding="UTF-8"?>
<testsuite name="com.example.smartroomdashboard.domain.TodoTest" tests="2" skipped="0" failures="0" errors="0" timestamp="2026-09-24T19:32:46.864Z" hostname="RCHL1NUX" time="0.001">
  <properties/>
  <testcase name="base URL always has one trailing slash" classname="com.example.smartroomdashboard.domain.TodoTest" time="0.0"/>
  <testcase name="new todo starts open with an id" classname="com.example.smartroomdashboard.domain.TodoTest" time="0.001"/>
  <system-out><![CDATA[]]></system-out>
  <system-err><![CDATA[]]></system-err>
</testsuite>
